<?xml version="1.0" encoding="UTF-8"?>
<testsuite xmlns:xsi="http://www.w3.org/2001/XMLSchema-instance" xsi:noNamespaceSchemaLocation="https://maven.apache.org/surefire/maven-failsafe-plugin/xsd/failsafe-test-report.xsd" version="3.0.2" name="feat_hello.HelloIT" time="2.652" tests="1" errors="0" skipped="0" failures="0">
  <properties>
[...]
</properties>
  <testcase name="helloShouldSayHi" classname="feat_hello.HelloIT" time="0.8">
    <system-out><![CDATA[
  .   ____          _            __ _ _
 /\\ / ___'_ __ _ _(_)_ __  __ _ \ \ \ \
( ( )\___ | '_ | '_| | '_ \/ _` | \ \ \ \
 \\/  ___)| |_)| | | | | || (_| |  ) ) ) )
  '  |____| .__|_| |_|_| |_\__, | / / / /
 =========|_|==============|___/=/_/_/_/

 :: Spring Boot ::                (v3.3.2)

2024-08-23T09:38:14.299+02:00  INFO 13244 --- [           main] feat_hello.HelloIT                       : Starting HelloIT using Java 21.0.2 with PID 13244 (started by RomanMarcu in C:\stuff\recipes\maven-run-tests)
2024-08-23T09:38:14.301+02:00  INFO 13244 --- [           main] feat_hello.HelloIT                       : No active profile set, falling back to 1 default profile: "default"
2024-08-23T09:38:15.080+02:00  INFO 13244 --- [           main] o.s.b.w.embedded.tomcat.TomcatWebServer  : Tomcat initialized with port 0 (http)
2024-08-23T09:38:15.092+02:00  INFO 13244 --- [           main] o.apache.catalina.core.StandardService   : Starting service [Tomcat]
2024-08-23T09:38:15.092+02:00  INFO 13244 --- [           main] o.apache.catalina.core.StandardEngine    : Starting Servlet engine: [Apache Tomcat/10.1.26]
2024-08-23T09:38:15.139+02:00  INFO 13244 --- [           main] o.a.c.c.C.[Tomcat].[localhost].[/]       : Initializing Spring embedded WebApplicationContext
2024-08-23T09:38:15.140+02:00  INFO 13244 --- [           main] w.s.c.ServletWebServerApplicationContext : Root WebApplicationContext: initialization completed in 823 ms
2024-08-23T09:38:15.466+02:00  INFO 13244 --- [           main] o.s.b.w.embedded.tomcat.TomcatWebServer  : Tomcat started on port 51719 (http) with context path '/'
2024-08-23T09:38:15.472+02:00  INFO 13244 --- [           main] feat_hello.HelloIT                       : Started HelloIT in 1.457 seconds (process running for 2.231)
2024-08-23T09:38:16.236+02:00  INFO 13244 --- [o-auto-1-exec-1] o.a.c.c.C.[Tomcat].[localhost].[/]       : Initializing Spring DispatcherServlet 'dispatcherServlet'
2024-08-23T09:38:16.236+02:00  INFO 13244 --- [o-auto-1-exec-1] o.s.web.servlet.DispatcherServlet        : Initializing Servlet 'dispatcherServlet'
2024-08-23T09:38:16.237+02:00  INFO 13244 --- [o-auto-1-exec-1] o.s.web.servlet.DispatcherServlet        : Completed initialization in 1 ms
]]></system-out>
    <system-err><![CDATA[WARNING: A Java agent has been loaded dynamically (C:\Users\RomanMarcu\.m2\repository\net\bytebuddy\byte-buddy-agent\1.14.12\byte-buddy-agent-1.14.12.jar)
WARNING: If a serviceability tool is in use, please run with -XX:+EnableDynamicAgentLoading to hide this warning
WARNING: If a serviceability tool is not in use, please run with -Djdk.instrument.traceUsage for more information
WARNING: Dynamic loading of agents will be disallowed by default in a future release
]]></system-err>
  </testcase>
</testsuite>